[00:47:15] [ServerMain/INFO]: Environment: authHost='https://authserver.mojang.com', accountsHost='https://api.mojang.com', sessionHost='https://sessionserver.mojang.com', servicesHost='https://api.minecraftservices.com', name='PROD'
[00:47:18] [ServerMain/INFO]: Loaded 7 recipes
[00:47:18] [ServerMain/INFO]: Loaded 1271 advancements
[00:47:19] [Server thread/INFO]: Starting minecraft server version 1.20.1
[00:47:19] [Server thread/INFO]: Loading properties
[00:47:19] [Server thread/INFO]: Default game type: SURVIVAL
[00:47:19] [Server thread/INFO]: Generating keypair
[00:47:19] [Server thread/INFO]: Starting Minecraft server on *:25565
[00:47:19] [Server thread/INFO]: Using epoll channel type
[00:47:19] [Server thread/WARN]: **** SERVER IS RUNNING IN OFFLINE/INSECURE MODE!
[00:47:19] [Server thread/WARN]: The server will make no attempt to authenticate usernames. Beware.
[00:47:19] [Server thread/WARN]: While this makes the game possible to play without internet access, it also opens up the ability for hackers to connect with any username they choose.
[00:47:19] [Server thread/WARN]: To change this, set "online-mode" to "true" in the server.properties file.
[00:47:19] [Server thread/INFO]: Preparing level "world"
[00:47:32] [Server thread/INFO]: Preparing start region for dimension minecraft:overworld
[00:47:34] [Worker-Main-1/INFO]: Preparing spawn area: 0%
[00:47:34] [Worker-Main-1/INFO]: Preparing spawn area: 0%
[00:47:34] [Worker-Main-1/INFO]: Preparing spawn area: 0%
[00:47:34] [Worker-Main-1/INFO]: Preparing spawn area: 0%
[00:47:34] [Worker-Main-1/INFO]: Preparing spawn area: 0%
[00:47:35] [Worker-Main-1/INFO]: Preparing spawn area: 0%
[00:47:35] [Worker-Main-1/INFO]: Preparing spawn area: 0%
[00:47:36] [Worker-Main-1/INFO]: Preparing spawn area: 0%
[00:47:36] [Worker-Main-1/INFO]: Preparing spawn area: 0%
[00:47:37] [Worker-Main-1/INFO]: Preparing spawn area: 0%
[00:47:37] [Worker-Main-1/INFO]: Preparing spawn area: 0%
[00:47:38] [Worker-Main-1/INFO]: Preparing spawn area: 0%
[00:47:38] [Worker-Main-1/INFO]: Preparing spawn area: 0%
[00:47:39] [Worker-Main-1/INFO]: Preparing spawn area: 0%
[00:47:39] [Worker-Main-1/INFO]: Preparing spawn area: 0%
[00:47:40] [Worker-Main-1/INFO]: Preparing spawn area: 0%
[00:47:40] [Worker-Main-1/INFO]: Preparing spawn area: 0%
[00:47:41] [Worker-Main-1/INFO]: Preparing spawn area: 0%
[00:47:41] [Worker-Main-1/INFO]: Preparing spawn area: 0%
[00:47:42] [Worker-Main-1/INFO]: Preparing spawn area: 0%
[00:47:42] [Worker-Main-1/INFO]: Preparing spawn area: 0%
[00:47:43] [Worker-Main-1/INFO]: Preparing spawn area: 0%
[00:47:43] [Worker-Main-1/INFO]: Preparing spawn area: 0%
[00:47:44] [Worker-Main-1/INFO]: Preparing spawn area: 0%
[00:47:44] [Worker-Main-1/INFO]: Preparing spawn area: 0%
[00:47:45] [Worker-Main-1/INFO]: Preparing spawn area: 0%
[00:47:45] [Worker-Main-1/INFO]: Preparing spawn area: 0%
[00:47:46] [Worker-Main-1/INFO]: Preparing spawn area: 0%
[00:47:46] [Worker-Main-1/INFO]: Preparing spawn area: 0%
[00:47:47] [Worker-Main-1/INFO]: Preparing spawn area: 0%
[00:47:47] [Worker-Main-1/INFO]: Preparing spawn area: 0%
[00:47:48] [Worker-Main-1/INFO]: Preparing spawn area: 0%
[00:47:48] [Worker-Main-1/INFO]: Preparing spawn area: 0%
[00:47:49] [Worker-Main-1/INFO]: Preparing spawn area: 0%
[00:47:49] [Worker-Main-1/INFO]: Preparing spawn area: 0%
[00:47:50] [Worker-Main-1/INFO]: Preparing spawn area: 0%
[00:47:50] [Worker-Main-1/INFO]: Preparing spawn area: 0%
[00:47:51] [Worker-Main-1/INFO]: Preparing spawn area: 0%
[00:47:51] [Worker-Main-1/INFO]: Preparing spawn area: 0%
[00:47:52] [Worker-Main-1/INFO]: Preparing spawn area: 0%
[00:47:52] [Worker-Main-1/INFO]: Preparing spawn area: 0%
[00:47:53] [Worker-Main-1/INFO]: Preparing spawn area: 0%
[00:47:53] [Worker-Main-1/INFO]: Preparing spawn area: 0%
[00:47:54] [Worker-Main-1/INFO]: Preparing spawn area: 0%
[00:47:54] [Worker-Main-1/INFO]: Preparing spawn area: 0%
[00:47:55] [Worker-Main-1/INFO]: Preparing spawn area: 0%
[00:47:55] [Worker-Main-1/INFO]: Preparing spawn area: 0%
[00:47:56] [Worker-Main-1/INFO]: Preparing spawn area: 0%
[00:47:56] [Worker-Main-1/INFO]: Preparing spawn area: 0%
[00:47:57] [Worker-Main-1/INFO]: Preparing spawn area: 0%
[00:47:57] [Worker-Main-1/INFO]: Preparing spawn area: 0%
[00:47:58] [Worker-Main-1/INFO]: Preparing spawn area: 0%
[00:47:58] [Worker-Main-9/INFO]: Preparing spawn area: 32%
[00:47:59] [Worker-Main-9/INFO]: Preparing spawn area: 44%
[00:47:59] [Worker-Main-9/INFO]: Preparing spawn area: 44%
[00:48:00] [Worker-Main-9/INFO]: Preparing spawn area: 45%
[00:48:00] [Worker-Main-9/INFO]: Preparing spawn area: 45%
[00:48:01] [Worker-Main-9/INFO]: Preparing spawn area: 46%
[00:48:01] [Worker-Main-9/INFO]: Preparing spawn area: 47%
[00:48:02] [Worker-Main-9/INFO]: Preparing spawn area: 48%
[00:48:02] [Worker-Main-9/INFO]: Preparing spawn area: 49%
[00:48:03] [Worker-Main-9/INFO]: Preparing spawn area: 52%
[00:48:03] [Worker-Main-9/INFO]: Preparing spawn area: 53%
[00:48:04] [Worker-Main-9/INFO]: Preparing spawn area: 54%
[00:48:04] [Worker-Main-9/INFO]: Preparing spawn area: 56%
[00:48:05] [Worker-Main-9/INFO]: Preparing spawn area: 57%
[00:48:05] [Worker-Main-9/INFO]: Preparing spawn area: 58%
[00:48:06] [Worker-Main-9/INFO]: Preparing spawn area: 59%
[00:48:06] [Worker-Main-9/INFO]: Preparing spawn area: 61%
[00:48:07] [Worker-Main-9/INFO]: Preparing spawn area: 62%
[00:48:07] [Worker-Main-9/INFO]: Preparing spawn area: 64%
[00:48:08] [Worker-Main-9/INFO]: Preparing spawn area: 66%
[00:48:08] [Worker-Main-9/INFO]: Preparing spawn area: 68%
[00:48:09] [Worker-Main-9/INFO]: Preparing spawn area: 68%
[00:48:09] [Worker-Main-9/INFO]: Preparing spawn area: 68%
[00:48:10] [Worker-Main-9/INFO]: Preparing spawn area: 70%
[00:48:10] [Worker-Main-9/INFO]: Preparing spawn area: 71%
[00:48:11] [Worker-Main-9/INFO]: Preparing spawn area: 72%
[00:48:11] [Worker-Main-9/INFO]: Preparing spawn area: 72%
[00:48:12] [Worker-Main-9/INFO]: Preparing spawn area: 72%
[00:48:12] [Worker-Main-9/INFO]: Preparing spawn area: 72%
[00:48:13] [Worker-Main-9/INFO]: Preparing spawn area: 72%
[00:48:13] [Worker-Main-9/INFO]: Preparing spawn area: 72%
[00:48:14] [Worker-Main-9/INFO]: Preparing spawn area: 72%
[00:48:14] [Worker-Main-9/INFO]: Preparing spawn area: 72%
[00:48:15] [Worker-Main-9/INFO]: Preparing spawn area: 72%
[00:48:15] [Worker-Main-9/INFO]: Preparing spawn area: 72%
[00:48:16] [Worker-Main-9/INFO]: Preparing spawn area: 72%
[00:48:16] [Worker-Main-9/INFO]: Preparing spawn area: 72%
[00:48:17] [Worker-Main-9/INFO]: Preparing spawn area: 72%
[00:48:17] [Worker-Main-9/INFO]: Preparing spawn area: 72%
[00:48:18] [Worker-Main-9/INFO]: Preparing spawn area: 72%
[00:48:18] [Worker-Main-9/INFO]: Preparing spawn area: 72%
[00:48:19] [Server thread/INFO]: Time elapsed: 46542 ms
[00:48:19] [Server thread/INFO]: Done (59.364s)! For help, type "help"
[00:48:28] [Server thread/INFO]: Villager byb['Villager'/122, l='ServerLevel[world]', x=100.63, y=71.50, z=133.28] died, message: 'Villager suffocated in a wall'
[00:49:31] [Server thread/INFO]: Irregular24[/127.156.100.117:56915] logged in with entity id 380 at (9.5, 78.0, -6.5)
[00:49:31] [Server thread/INFO]: Irregular24 joined the game
